<?xml version="1.0" encoding="utf-8"?>
<coverage line-rate="0.7537" branch-rate="0.5666" version="1.9" timestamp="1650292759" lines-covered="848" lines-valid="1125" branches-covered="255" branches-valid="450">
  <sources>
    <source>C:\Users\Dmitrii_Ardasenov\Desktop\cstAll\cst\src\CST.Backend\</source>
  </sources>
  <packages>
    <package name="CST.Api" line-rate="1" branch-rate="1" complexity="1">
      <classes>
        <class name="CST.Api.Configuration.ApiMapperProfile" filename="CST.Api\Configuration\ApiMapperProfile.cs" line-rate="1" branch-rate="1" complexity="1">
          <methods>
            <method name=".ctor" signature="()" line-rate="1" branch-rate="1" complexity="1">
              <lines>
                <line number="7" hits="1" branch="False" />
                <line number="8" hits="1" branch="False" />
                <line number="10" hits="1" branch="False" />
              </lines>
            </method>
          </methods>
          <lines>
            <line number="7" hits="1" branch="False" />
            <line number="8" hits="1" branch="False" />
            <line number="10" hits="1" branch="False" />
          </lines>
        </class>
      </classes>
    </package>
    <package name="CST.BusinessLogic" line-rate="0.7842" branch-rate="0.5647" complexity="529">
      <classes>
        <class name="CST.BusinessLogic.Services.AzureBusService" filename="CST.BusinessLogic\Services\AzureBusService.cs" line-rate="1" branch-rate="1" complexity="4">
          <methods>
            <method name=".ctor" signature="(Microsoft.Extensions.Configuration.IConfiguration)" line-rate="1" branch-rate="1" complexity="4">
              <lines>
                <line number="18" hits="2" branch="False" />
                <line number="20" hits="2" branch="False" />
                <line number="21" hits="2" branch="False" />
                <line number="22" hits="2" branch="False" />
                <line number="23" hits="2" branch="False" />
                <line number="25" hits="2" branch="False" />
                <line number="26" hits="274" branch="True" condition-coverage="100% (2/2)">
                  <conditions>
                    <condition number="22" type="jump" coverage="100%" />
                  </conditions>
                </line>
                <line number="27" hits="274" branch="False" />
                <line number="28" hits="4" branch="False" />
                <line number="29" hits="4" branch="False" />
                <line number="30" hits="4" branch="False" />
                <line number="31" hits="4" branch="False" />
                <line number="32" hits="4" branch="False" />
                <line number="34" hits="10" branch="True" condition-coverage="100% (2/2)">
                  <conditions>
                    <condition number="204" type="jump" coverage="100%" />
                  </conditions>
                </line>
                <line number="35" hits="2" branch="False" />
                <line number="36" hits="2" branch="False" />
                <line number="37" hits="2" branch="False" />
                <line number="38" hits="2" branch="False" />
              </lines>
            </method>
          </methods>
          <lines>
            <line number="18" hits="2" branch="False" />
            <line number="20" hits="2" branch="False" />
            <line number="21" hits="2" branch="False" />
            <line number="22" hits="2" branch="False" />
            <line number="23" hits="2" branch="False" />
            <line number="25" hits="2" branch="False" />
            <line number="26" hits="274" branch="True" condition-coverage="100% (2/2)">
              <conditions>
                <condition number="22" type="jump" coverage="100%" />
              </conditions>
            </line>
            <line number="27" hits="274" branch="False" />
            <line number="28" hits="4" branch="False" />
            <line number="29" hits="4" branch="False" />
            <line number="30" hits="4" branch="False" />
            <line number="31" hits="4" branch="False" />
            <line number="32" hits="4" branch="False" />
            <line number="34" hits="10" branch="True" condition-coverage="100% (2/2)">
              <conditions>
                <condition number="204" type="jump" coverage="100%" />
              </conditions>
            </line>
            <line number="35" hits="2" branch="False" />
            <line number="36" hits="2" branch="False" />
            <line number="37" hits="2" branch="False" />
            <line number="38" hits="2" branch="False" />
          </lines>
        </class>
        <class name="CST.BusinessLogic.Services.AzureBusService/&lt;&gt;c__3`1" filename="CST.BusinessLogic\Services\AzureBusService.cs" line-rate="1" branch-rate="1" complexity="1">
          <methods>
            <method name="&lt;SendMessagesAsync&gt;b__3_0" signature="(T)" line-rate="1" branch-rate="1" complexity="1">
              <lines>
                <line number="54" hits="1" branch="False" />
              </lines>
            </method>
          </methods>
          <lines>
            <line number="54" hits="1" branch="False" />
          </lines>
        </class>
        <class name="CST.BusinessLogic.Services.AzureBusService/&lt;SendMessageAsync&gt;d__2`1" filename="CST.BusinessLogic\Services\AzureBusService.cs" line-rate="0.7142000000000001" branch-rate="0.5" complexity="2">
          <methods>
            <method name="MoveNext" signature="()" line-rate="0.7142000000000001" branch-rate="0.5" complexity="2">
              <lines>
                <line number="41" hits="1" branch="False" />
                <line number="42" hits="1" branch="False" />
                <line number="44" hits="1" branch="True" condition-coverage="50% (1/2)">
                  <conditions>
                    <condition number="87" type="jump" coverage="50%" />
                  </conditions>
                </line>
                <line number="45" hits="1" branch="False" />
                <line number="46" hits="1" branch="False" />
                <line number="49" hits="0" branch="False" />
                <line number="50" hits="0" branch="False" />
              </lines>
            </method>
          </methods>
          <lines>
            <line number="41" hits="1" branch="False" />
            <line number="42" hits="1" branch="False" />
            <line number="44" hits="1" branch="True" condition-coverage="50% (1/2)">
              <conditions>
                <condition number="87" type="jump" coverage="50%" />
              </conditions>
            </line>
            <line number="45" hits="1" branch="False" />
            <line number="46" hits="1" branch="False" />
            <line number="49" hits="0" branch="False" />
            <line number="50" hits="0" branch="False" />
          </lines>
        </class>
        <class name="CST.BusinessLogic.Services.AzureBusService/&lt;SendMessagesAsync&gt;d__3`1" filename="CST.BusinessLogic\Services\AzureBusService.cs" line-rate="0.6666" branch-rate="0.75" complexity="4">
          <methods>
            <method name="MoveNext" signature="()" line-rate="0.6666" branch-rate="0.75" complexity="4">
              <lines>
                <line number="53" hits="1" branch="False" />
                <line number="56" hits="1" branch="True" condition-coverage="50% (1/2)">
                  <conditions>
                    <condition number="103" type="jump" coverage="50%" />
                  </conditions>
                </line>
                <line number="57" hits="1" branch="False" />
                <line number="58" hits="1" branch="False" />
                <line number="61" hits="0" branch="False" />
                <line number="62" hits="0" branch="False" />
              </lines>
            </method>
          </methods>
          <lines>
            <line number="53" hits="1" branch="False" />
            <line number="56" hits="1" branch="True" condition-coverage="50% (1/2)">
              <conditions>
                <condition number="103" type="jump" coverage="50%" />
              </conditions>
            </line>
            <line number="57" hits="1" branch="False" />
            <line number="58" hits="1" branch="False" />
            <line number="61" hits="0" branch="False" />
            <line number="62" hits="0" branch="False" />
          </lines>
        </class>
        <class name="CST.BusinessLogic.Services.BlobService" filename="CST.BusinessLogic\Services\BlobService.cs" line-rate="0" branch-rate="1" complexity="1">
          <methods>
            <method name=".ctor" signature="(Azure.Storage.Blobs.BlobServiceClient,Microsoft.Extensions.Configuration.IConfiguration)" line-rate="0" branch-rate="1" complexity="1">
              <lines>
                <line number="13" hits="0" branch="False" />
                <line number="14" hits="0" branch="False" />
                <line number="15" hits="0" branch="False" />
                <line number="16" hits="0" branch="False" />
                <line number="17" hits="0" branch="False" />
              </lines>
            </method>
          </methods>
          <lines>
            <line number="13" hits="0" branch="False" />
            <line number="14" hits="0" branch="False" />
            <line number="15" hits="0" branch="False" />
            <line number="16" hits="0" branch="False" />
            <line number="17" hits="0" branch="False" />
          </lines>
        </class>
        <class name="CST.BusinessLogic.Services.BlobService/&lt;UploadBlobAsync&gt;d__2" filename="CST.BusinessLogic\Services\BlobService.cs" line-rate="0" branch-rate="1" complexity="1">
          <methods>
            <method name="MoveNext" signature="()" line-rate="0" branch-rate="1" complexity="1">
              <lines>
                <line number="20" hits="0" branch="False" />
                <line number="21" hits="0" branch="False" />
                <line number="23" hits="0" branch="False" />
                <line number="24" hits="0" branch="False" />
                <line number="26" hits="0" branch="False" />
                <line number="27" hits="0" branch="False" />
              </lines>
            </method>
          </methods>
          <lines>
            <line number="20" hits="0" branch="False" />
            <line number="21" hits="0" branch="False" />
            <line number="23" hits="0" branch="False" />
            <line number="24" hits="0" branch="False" />
            <line number="26" hits="0" branch="False" />
            <line number="27" hits="0" branch="False" />
          </lines>
        </class>
        <class name="CST.BusinessLogic.Services.EmailReceiver" filename="CST.BusinessLogic\Services\EmailReceiver.cs" line-rate="0" branch-rate="1" complexity="1">
          <methods>
            <method name=".ctor" signature="(Microsoft.Extensions.Configuration.IConfiguration,Microsoft.Extensions.Logging.ILogger`1&lt;CST.BusinessLogic.Services.EmailReceiver&gt;)" line-rate="0" branch-rate="1" complexity="1">
              <lines>
                <line number="17" hits="0" branch="False" />
                <line number="18" hits="0" branch="False" />
                <line number="19" hits="0" branch="False" />
                <line number="20" hits="0" branch="False" />
                <line number="21" hits="0" branch="False" />
                <line number="22" hits="0" branch="False" />
              </lines>
            </method>
          </methods>
          <lines>
            <line number="17" hits="0" branch="False" />
            <line number="18" hits="0" branch="False" />
            <line number="19" hits="0" branch="False" />
            <line number="20" hits="0" branch="False" />
            <line number="21" hits="0" branch="False" />
            <line number="22" hits="0" branch="False" />
          </lines>
        </class>
        <class name="CST.BusinessLogic.Services.EmailReceiver/&lt;DeleteMessagesAsync&gt;d__5" filename="CST.BusinessLogic\Services\EmailReceiver.cs" line-rate="0" branch-rate="0" complexity="4">
          <methods>
            <method name="MoveNext" signature="()" line-rate="0" branch-rate="0" complexity="4">
              <lines>
                <line number="41" hits="0" branch="False" />
                <line number="42" hits="0" branch="False" />
                <line number="44" hits="0" branch="True" condition-coverage="0% (0/2)">
                  <conditions>
                    <condition number="658" type="jump" coverage="0%" />
                  </conditions>
                </line>
                <line number="45" hits="0" branch="False" />
                <line number="46" hits="0" branch="True" condition-coverage="0% (0/2)">
                  <conditions>
                    <condition number="339" type="jump" coverage="0%" />
                  </conditions>
                </line>
                <line number="47" hits="0" branch="False" />
                <line number="48" hits="0" branch="False" />
                <line number="49" hits="0" branch="False" />
                <line number="50" hits="0" branch="False" />
                <line number="52" hits="0" branch="False" />
                <line number="53" hits="0" branch="False" />
              </lines>
            </method>
          </methods>
          <lines>
            <line number="41" hits="0" branch="False" />
            <line number="42" hits="0" branch="False" />
            <line number="44" hits="0" branch="True" condition-coverage="0% (0/2)">
              <conditions>
                <condition number="658" type="jump" coverage="0%" />
              </conditions>
            </line>
            <line number="45" hits="0" branch="False" />
            <line number="46" hits="0" branch="True" condition-coverage="0% (0/2)">
              <conditions>
                <condition number="339" type="jump" coverage="0%" />
              </conditions>
            </line>
            <line number="47" hits="0" branch="False" />
            <line number="48" hits="0" branch="False" />
            <line number="49" hits="0" branch="False" />
            <line number="50" hits="0" branch="False" />
            <line number="52" hits="0" branch="False" />
            <line number="53" hits="0" branch="False" />
          </lines>
        </class>
        <class name="CST.BusinessLogic.Services.EmailReceiver/&lt;InitClient&gt;d__6" filename="CST.BusinessLogic\Services\EmailReceiver.cs" line-rate="0" branch-rate="0" complexity="8">
          <methods>
            <method name="MoveNext" signature="()" line-rate="0" branch-rate="0" complexity="8">
              <lines>
                <line number="56" hits="0" branch="False" />
                <line number="57" hits="0" branch="True" condition-coverage="0% (0/2)">
                  <conditions>
                    <condition number="50" type="jump" coverage="0%" />
                  </conditions>
                </line>
                <line number="58" hits="0" branch="False" />
                <line number="59" hits="0" branch="False" />
                <line number="60" hits="0" branch="False" />
                <line number="62" hits="0" branch="True" condition-coverage="0% (0/2)">
                  <conditions>
                    <condition number="229" type="jump" coverage="0%" />
                  </conditions>
                </line>
                <line number="63" hits="0" branch="False" />
                <line number="64" hits="0" branch="False" />
                <line number="65" hits="0" branch="False" />
                <line number="67" hits="0" branch="True" condition-coverage="0% (0/4)">
                  <conditions>
                    <condition number="403" type="jump" coverage="0%" />
                    <condition number="431" type="jump" coverage="0%" />
                  </conditions>
                </line>
                <line number="68" hits="0" branch="False" />
                <line number="69" hits="0" branch="False" />
                <line number="70" hits="0" branch="False" />
                <line number="71" hits="0" branch="False" />
              </lines>
            </method>
          </methods>
          <lines>
            <line number="56" hits="0" branch="False" />
            <line number="57" hits="0" branch="True" condition-coverage="0% (0/2)">
              <conditions>
                <condition number="50" type="jump" coverage="0%" />
              </conditions>
            </line>
            <line number="58" hits="0" branch="False" />
            <line number="59" hits="0" branch="False" />
            <line number="60" hits="0" branch="False" />
            <line number="62" hits="0" branch="True" condition-coverage="0% (0/2)">
              <conditions>
                <condition number="229" type="jump" coverage="0%" />
              </conditions>
            </line>
            <line number="63" hits="0" branch="False" />
            <line number="64" hits="0" branch="False" />
            <line number="65" hits="0" branch="False" />
            <line number="67" hits="0" branch="True" condition-coverage="0% (0/4)">
              <conditions>
                <condition number="403" type="jump" coverage="0%" />
                <condition number="431" type="jump" coverage="0%" />
              </conditions>
            </line>
            <line number="68" hits="0" branch="False" />
            <line number="69" hits="0" branch="False" />
            <line number="70" hits="0" branch="False" />
            <line number="71" hits="0" branch="False" />
          </lines>
        </class>
        <class name="CST.BusinessLogic.Services.EmailReceiver/&lt;ReceiveMessagesAsync&gt;d__4" filename="CST.BusinessLogic\Services\EmailReceiver.cs" line-rate="0" branch-rate="0" complexity="2">
          <methods>
            <method name="MoveNext" signature="()" line-rate="0" branch-rate="0" complexity="2">
              <lines>
                <line number="25" hits="0" branch="False" />
                <line number="26" hits="0" branch="False" />
                <line number="28" hits="0" branch="False" />
                <line number="30" hits="0" branch="True" condition-coverage="0% (0/2)">
                  <conditions>
                    <condition number="290" type="jump" coverage="0%" />
                  </conditions>
                </line>
                <line number="31" hits="0" branch="False" />
                <line number="32" hits="0" branch="False" />
                <line number="35" hits="0" branch="False" />
                <line number="37" hits="0" branch="False" />
                <line number="38" hits="0" branch="False" />
              </lines>
            </method>
          </methods>
          <lines>
            <line number="25" hits="0" branch="False" />
            <line number="26" hits="0" branch="False" />
            <line number="28" hits="0" branch="False" />
            <line number="30" hits="0" branch="True" condition-coverage="0% (0/2)">
              <conditions>
                <condition number="290" type="jump" coverage="0%" />
              </conditions>
            </line>
            <line number="31" hits="0" branch="False" />
            <line number="32" hits="0" branch="False" />
            <line number="35" hits="0" branch="False" />
            <line number="37" hits="0" branch="False" />
            <line number="38" hits="0" branch="False" />
          </lines>
        </class>
        <class name="CST.BusinessLogic.Services.EmailSender" filename="CST.BusinessLogic\Services\EmailSender.cs" line-rate="0" branch-rate="0" complexity="6">
          <methods>
            <method name="Smtp_MessageSentCallback" signature="(System.Object,MailKit.MessageSentEventArgs)" line-rate="0" branch-rate="0" complexity="4">
              <lines>
                <line number="41" hits="0" branch="False" />
                <line number="42" hits="0" branch="True" condition-coverage="0% (0/2)">
                  <conditions>
                    <condition number="25" type="jump" coverage="0%" />
                  </conditions>
                </line>
                <line number="43" hits="0" branch="False" />
                <line number="44" hits="0" branch="False" />
                <line number="45" hits="0" branch="True" condition-coverage="0% (0/2)">
                  <conditions>
                    <condition number="65" type="jump" coverage="0%" />
                  </conditions>
                </line>
                <line number="46" hits="0" branch="False" />
                <line number="47" hits="0" branch="False" />
                <line number="48" hits="0" branch="False" />
                <line number="49" hits="0" branch="False" />
                <line number="50" hits="0" branch="False" />
              </lines>
            </method>
            <method name="BuildMessage" signature="(System.Guid,System.String,System.String,System.String,System.String)" line-rate="0" branch-rate="1" complexity="1">
              <lines>
                <line number="53" hits="0" branch="False" />
                <line number="54" hits="0" branch="False" />
                <line number="55" hits="0" branch="False" />
                <line number="56" hits="0" branch="False" />
                <line number="57" hits="0" branch="False" />
                <line number="59" hits="0" branch="False" />
                <line number="60" hits="0" branch="False" />
                <line number="61" hits="0" branch="False" />
                <line number="63" hits="0" branch="False" />
                <line number="64" hits="0" branch="False" />
              </lines>
            </method>
            <method name=".ctor" signature="(Microsoft.Extensions.Configuration.IConfiguration)" line-rate="0" branch-rate="1" complexity="1">
              <lines>
                <line number="16" hits="0" branch="False" />
                <line number="17" hits="0" branch="False" />
                <line number="19" hits="0" branch="False" />
                <line number="20" hits="0" branch="False" />
                <line number="21" hits="0" branch="False" />
                <line number="22" hits="0" branch="False" />
                <line number="23" hits="0" branch="False" />
                <line number="24" hits="0" branch="False" />
              </lines>
            </method>
          </methods>
          <lines>
            <line number="41" hits="0" branch="False" />
            <line number="42" hits="0" branch="True" condition-coverage="0% (0/2)">
              <conditions>
                <condition number="25" type="jump" coverage="0%" />
              </conditions>
            </line>
            <line number="43" hits="0" branch="False" />
            <line number="44" hits="0" branch="False" />
            <line number="45" hits="0" branch="True" condition-coverage="0% (0/2)">
              <conditions>
                <condition number="65" type="jump" coverage="0%" />
              </conditions>
            </line>
            <line number="46" hits="0" branch="False" />
            <line number="47" hits="0" branch="False" />
            <line number="48" hits="0" branch="False" />
            <line number="49" hits="0" branch="False" />
            <line number="50" hits="0" branch="False" />
            <line number="53" hits="0" branch="False" />
            <line number="54" hits="0" branch="False" />
            <line number="55" hits="0" branch="False" />
            <line number="56" hits="0" branch="False" />
            <line number="57" hits="0" branch="False" />
            <line number="59" hits="0" branch="False" />
            <line number="60" hits="0" branch="False" />
            <line number="61" hits="0" branch="False" />
            <line number="63" hits="0" branch="False" />
            <line number="64" hits="0" branch="False" />
            <line number="16" hits="0" branch="False" />
            <line number="17" hits="0" branch="False" />
            <line number="19" hits="0" branch="False" />
            <line number="20" hits="0" branch="False" />
            <line number="21" hits="0" branch="False" />
            <line number="22" hits="0" branch="False" />
            <line number="23" hits="0" branch="False" />
            <line number="24" hits="0" branch="False" />
          </lines>
        </class>
        <class name="CST.BusinessLogic.Services.EmailSender/&lt;InitClient&gt;d__8" filename="CST.BusinessLogic\Services\EmailSender.cs" line-rate="0" branch-rate="0" complexity="4">
          <methods>
            <method name="MoveNext" signature="()" line-rate="0" branch-rate="0" complexity="4">
              <lines>
                <line number="67" hits="0" branch="False" />
                <line number="68" hits="0" branch="True" condition-coverage="0% (0/2)">
                  <conditions>
                    <condition number="50" type="jump" coverage="0%" />
                  </conditions>
                </line>
                <line number="69" hits="0" branch="False" />
                <line number="70" hits="0" branch="False" />
                <line number="71" hits="0" branch="False" />
                <line number="73" hits="0" branch="True" condition-coverage="0% (0/2)">
                  <conditions>
                    <condition number="229" type="jump" coverage="0%" />
                  </conditions>
                </line>
                <line number="74" hits="0" branch="False" />
                <line number="75" hits="0" branch="False" />
                <line number="76" hits="0" branch="False" />
                <line number="77" hits="0" branch="False" />
              </lines>
            </method>
          </methods>
          <lines>
            <line number="67" hits="0" branch="False" />
            <line number="68" hits="0" branch="True" condition-coverage="0% (0/2)">
              <conditions>
                <condition number="50" type="jump" coverage="0%" />
              </conditions>
            </line>
            <line number="69" hits="0" branch="False" />
            <line number="70" hits="0" branch="False" />
            <line number="71" hits="0" branch="False" />
            <line number="73" hits="0" branch="True" condition-coverage="0% (0/2)">
              <conditions>
                <condition number="229" type="jump" coverage="0%" />
              </conditions>
            </line>
            <line number="74" hits="0" branch="False" />
            <line number="75" hits="0" branch="False" />
            <line number="76" hits="0" branch="False" />
            <line number="77" hits="0" branch="False" />
          </lines>
        </class>
        <class name="CST.BusinessLogic.Services.EmailSender/&lt;SendEmailAsync&gt;d__5" filename="CST.BusinessLogic\Services\EmailSender.cs" line-rate="0" branch-rate="0" complexity="2">
          <methods>
            <method name="MoveNext" signature="()" line-rate="0" branch-rate="0" complexity="2">
              <lines>
                <line number="27" hits="0" branch="False" />
                <line number="28" hits="0" branch="True" condition-coverage="0% (0/2)">
                  <conditions>
                    <condition number="37" type="jump" coverage="0%" />
                  </conditions>
                </line>
                <line number="29" hits="0" branch="False" />
                <line number="30" hits="0" branch="False" />
                <line number="31" hits="0" branch="False" />
                <line number="33" hits="0" branch="False" />
                <line number="35" hits="0" branch="False" />
                <line number="37" hits="0" branch="False" />
                <line number="38" hits="0" branch="False" />
              </lines>
            </method>
          </methods>
          <lines>
            <line number="27" hits="0" branch="False" />
            <line number="28" hits="0" branch="True" condition-coverage="0% (0/2)">
              <conditions>
                <condition number="37" type="jump" coverage="0%" />
              </conditions>
            </line>
            <line number="29" hits="0" branch="False" />
            <line number="30" hits="0" branch="False" />
            <line number="31" hits="0" branch="False" />
            <line number="33" hits="0" branch="False" />
            <line number="35" hits="0" branch="False" />
            <line number="37" hits="0" branch="False" />
            <line number="38" hits="0" branch="False" />
          </lines>
        </class>
        <class name="CST.BusinessLogic.Services.IHubService" filename="CST.BusinessLogic\Services\IHubService.cs" line-rate="1" branch-rate="1" complexity="1">
          <methods>
            <method name=".ctor" signature="(CST.Common.Services.ISdpHttpClient,Microsoft.Extensions.Configuration.IConfiguration)" line-rate="1" branch-rate="1" complexity="1">
              <lines>
                <line number="11" hits="1" branch="False" />
                <line number="12" hits="1" branch="False" />
                <line number="13" hits="1" branch="False" />
                <line number="14" hits="1" branch="False" />
                <line number="15" hits="1" branch="False" />
              </lines>
            </method>
          </methods>
          <lines>
            <line number="11" hits="1" branch="False" />
            <line number="12" hits="1" branch="False" />
            <line number="13" hits="1" branch="False" />
            <line number="14" hits="1" branch="False" />
            <line number="15" hits="1" branch="False" />
          </lines>
        </class>
        <class name="CST.BusinessLogic.Services.IHubService/&lt;CancelMailingAtIhub&gt;d__3" filename="CST.BusinessLogic\Services\IHubService.cs" line-rate="1" branch-rate="1" complexity="1">
          <methods>
            <method name="MoveNext" signature="()" line-rate="1" branch-rate="1" complexity="1">
              <lines>
                <line number="18" hits="1" branch="False" />
                <line number="19" hits="1" branch="False" />
                <line number="21" hits="1" branch="False" />
                <line number="23" hits="1" branch="False" />
                <line number="24" hits="1" branch="False" />
              </lines>
            </method>
          </methods>
          <lines>
            <line number="18" hits="1" branch="False" />
            <line number="19" hits="1" branch="False" />
            <line number="21" hits="1" branch="False" />
            <line number="23" hits="1" branch="False" />
            <line number="24" hits="1" branch="False" />
          </lines>
        </class>
        <class name="CST.BusinessLogic.Services.LocationService" filename="CST.BusinessLogic\Services\LocationService.cs" line-rate="1" branch-rate="1" complexity="1">
          <methods>
            <method name=".ctor" signature="(CST.Common.Repositories.ILocationRepository,AutoMapper.IMapper)" line-rate="1" branch-rate="1" complexity="1">
              <lines>
                <line number="14" hits="2" branch="False" />
                <line number="15" hits="2" branch="False" />
                <line number="16" hits="2" branch="False" />
                <line number="17" hits="2" branch="False" />
                <line number="18" hits="2" branch="False" />
              </lines>
            </method>
          </methods>
          <lines>
            <line number="14" hits="2" branch="False" />
            <line number="15" hits="2" branch="False" />
            <line number="16" hits="2" branch="False" />
            <line number="17" hits="2" branch="False" />
            <line number="18" hits="2" branch="False" />
          </lines>
        </class>
        <class name="CST.BusinessLogic.Services.LocationService/&lt;GetLocationsAsync&gt;d__3" filename="CST.BusinessLogic\Services\LocationService.cs" line-rate="1" branch-rate="1" complexity="1">
          <methods>
            <method name="MoveNext" signature="()" line-rate="1" branch-rate="1" complexity="1">
              <lines>
                <line number="20" hits="1" branch="False" />
                <line number="21" hits="1" branch="False" />
                <line number="22" hits="1" branch="False" />
                <line number="23" hits="1" branch="False" />
              </lines>
            </method>
          </methods>
          <lines>
            <line number="20" hits="1" branch="False" />
            <line number="21" hits="1" branch="False" />
            <line number="22" hits="1" branch="False" />
            <line number="23" hits="1" branch="False" />
          </lines>
        </class>
        <class name="CST.BusinessLogic.Services.LocationService/&lt;GetMailingsLocationNamesAsync&gt;d__4" filename="CST.BusinessLogic\Services\LocationService.cs" line-rate="1" branch-rate="1" complexity="1">
          <methods>
            <method name="MoveNext" signature="()" line-rate="1" branch-rate="1" complexity="1">
              <lines>
                <line number="26" hits="1" branch="False" />
                <line number="27" hits="1" branch="False" />
                <line number="28" hits="1" branch="False" />
              </lines>
            </method>
          </methods>
          <lines>
            <line number="26" hits="1" branch="False" />
            <line number="27" hits="1" branch="False" />
            <line number="28" hits="1" branch="False" />
          </lines>
        </class>
        <class name="CST.BusinessLogic.Services.MailingService" filename="CST.BusinessLogic\Services\MailingService.cs" line-rate="1" branch-rate="1" complexity="1">
          <methods>
            <method name=".ctor" signature="(CST.Common.Repositories.IMailingRepository,CST.Common.Repositories.INotificationChannelRepository,CST.Common.Repositories.IUserRepository,AutoMapper.IMapper,CST.Common.Services.IIHubService,CST.Common.Services.IRequestContextService,CST.Common.Repositories.IMailingsApproversRepository)" line-rate="1" branch-rate="1" complexity="1">
              <lines>
                <line number="25" hits="20" branch="False" />
                <line number="26" hits="20" branch="False" />
                <line number="27" hits="20" branch="False" />
                <line number="28" hits="20" branch="False" />
                <line number="29" hits="20" branch="False" />
                <line number="30" hits="20" branch="False" />
                <line number="31" hits="20" branch="False" />
                <line number="32" hits="20" branch="False" />
                <line number="33" hits="20" branch="False" />
                <line number="34" hits="20" branch="False" />
                <line number="35" hits="20" branch="False" />
                <line number="36" hits="20" branch="False" />
              </lines>
            </method>
          </methods>
          <lines>
            <line number="25" hits="20" branch="False" />
            <line number="26" hits="20" branch="False" />
            <line number="27" hits="20" branch="False" />
            <line number="28" hits="20" branch="False" />
            <line number="29" hits="20" branch="False" />
            <line number="30" hits="20" branch="False" />
            <line number="31" hits="20" branch="False" />
            <line number="32" hits="20" branch="False" />
            <line number="33" hits="20" branch="False" />
            <line number="34" hits="20" branch="False" />
            <line number="35" hits="20" branch="False" />
            <line number="36" hits="20" branch="False" />
          </lines>
        </class>
        <class name="CST.BusinessLogic.Services.MailingService/&lt;&gt;c" filename="CST.BusinessLogic\Services\MailingService.cs" line-rate="1" branch-rate="1" complexity="2">
          <methods>
            <method name="&lt;UpdateMailingApprovers&gt;b__16_0" signature="(System.String)" line-rate="1" branch-rate="1" complexity="1">
              <lines>
                <line number="131" hits="8" branch="False" />
              </lines>
            </method>
            <method name="&lt;UpdateMailingApprovers&gt;b__16_1" signature="(System.String)" line-rate="1" branch-rate="1" complexity="1">
              <lines>
                <line number="133" hits="8" branch="False" />
              </lines>
            </method>
          </methods>
          <lines>
            <line number="131" hits="8" branch="False" />
            <line number="133" hits="8" branch="False" />
          </lines>
        </class>
        <class name="CST.BusinessLogic.Services.MailingService/&lt;&gt;c__DisplayClass16_0" filename="CST.BusinessLogic\Services\MailingService.cs" line-rate="1" branch-rate="1" complexity="1">
          <methods>
            <method name="&lt;UpdateMailingApprovers&gt;b__2" signature="(System.Guid)" line-rate="1" branch-rate="1" complexity="1">
              <lines>
                <line number="139" hits="8" branch="False" />
                <line number="140" hits="8" branch="False" />
                <line number="141" hits="8" branch="False" />
                <line number="142" hits="8" branch="False" />
                <line number="143" hits="8" branch="False" />
              </lines>
            </method>
          </methods>
          <lines>
            <line number="139" hits="8" branch="False" />
            <line number="140" hits="8" branch="False" />
            <line number="141" hits="8" branch="False" />
            <line number="142" hits="8" branch="False" />
            <line number="143" hits="8" branch="False" />
          </lines>
        </class>
        <class name="CST.BusinessLogic.Services.MailingService/&lt;CancelMailingAsync&gt;d__15" filename="CST.BusinessLogic\Services\MailingService.cs" line-rate="1" branch-rate="0.8" complexity="10">
          <methods>
            <method name="MoveNext" signature="()" line-rate="1" branch-rate="0.8" complexity="10">
              <lines>
                <line number="100" hits="4" branch="False" />
                <line number="101" hits="4" branch="False" />
                <line number="103" hits="4" branch="False" />
                <line number="105" hits="4" branch="False" />
                <line number="107" hits="4" branch="True" condition-coverage="100% (2/2)">
                  <conditions>
                    <condition number="373" type="jump" coverage="100%" />
                  </conditions>
                </line>
                <line number="108" hits="1" branch="False" />
                <line number="109" hits="1" branch="False" />
                <line number="112" hits="3" branch="True" condition-coverage="66.66% (4/6)">
                  <conditions>
                    <condition number="407" type="jump" coverage="50%" />
                    <condition number="436" type="jump" coverage="50%" />
                    <condition number="462" type="jump" coverage="100%" />
                  </conditions>
                </line>
                <line number="113" hits="1" branch="False" />
                <line number="114" hits="1" branch="False" />
                <line number="117" hits="2" branch="False" />
                <line number="119" hits="2" branch="True" condition-coverage="100% (2/2)">
                  <conditions>
                    <condition number="649" type="jump" coverage="100%" />
                  </conditions>
                </line>
                <line number="120" hits="1" branch="False" />
                <line number="121" hits="1" branch="False" />
                <line number="124" hits="1" branch="False" />
                <line number="126" hits="1" branch="False" />
                <line number="127" hits="1" branch="False" />
              </lines>
            </method>
          </methods>
          <lines>
            <line number="100" hits="4" branch="False" />
            <line number="101" hits="4" branch="False" />
            <line number="103" hits="4" branch="False" />
            <line number="105" hits="4" branch="False" />
            <line number="107" hits="4" branch="True" condition-coverage="100% (2/2)">
              <conditions>
                <condition number="373" type="jump" coverage="100%" />
              </conditions>
            </line>
            <line number="108" hits="1" branch="False" />
            <line number="109" hits="1" branch="False" />
            <line number="112" hits="3" branch="True" condition-coverage="66.66% (4/6)">
              <conditions>
                <condition number="407" type="jump" coverage="50%" />
                <condition number="436" type="jump" coverage="50%" />
                <condition number="462" type="jump" coverage="100%" />
              </conditions>
            </line>
            <line number="113" hits="1" branch="False" />
            <line number="114" hits="1" branch="False" />
            <line number="117" hits="2" branch="False" />
            <line number="119" hits="2" branch="True" condition-coverage="100% (2/2)">
              <conditions>
                <condition number="649" type="jump" coverage="100%" />
              </conditions>
            </line>
            <line number="120" hits="1" branch="False" />
            <line number="121" hits="1" branch="False" />
            <line number="124" hits="1" branch="False" />
            <line number="126" hits="1" branch="False" />
            <line number="127" hits="1" branch="False" />
          </lines>
        </class>
        <class name="CST.BusinessLogic.Services.MailingService/&lt;FilterMailingsAsync&gt;d__9" filename="CST.BusinessLogic\Services\MailingService.cs" line-rate="1" branch-rate="1" complexity="1">
          <methods>
            <method name="MoveNext" signature="()" line-rate="1" branch-rate="1" complexity="1">
              <lines>
                <line number="45" hits="1" branch="False" />
                <line number="46" hits="1" branch="False" />
                <line number="47" hits="1" branch="False" />
              </lines>
            </method>
          </methods>
          <lines>
            <line number="45" hits="1" branch="False" />
            <line number="46" hits="1" branch="False" />
            <line number="47" hits="1" branch="False" />
          </lines>
        </class>
        <class name="CST.BusinessLogic.Services.MailingService/&lt;GetMailingDaterangeAsync&gt;d__10" filename="CST.BusinessLogic\Services\MailingService.cs" line-rate="1" branch-rate="1" complexity="1">
          <methods>
            <method name="MoveNext" signature="()" line-rate="1" branch-rate="1" complexity="1">
              <lines>
                <line number="50" hits="1" branch="False" />
                <line number="51" hits="1" branch="False" />
                <line number="52" hits="1" branch="False" />
              </lines>
            </method>
          </methods>
          <lines>
            <line number="50" hits="1" branch="False" />
            <line number="51" hits="1" branch="False" />
            <line number="52" hits="1" branch="False" />
          </lines>
        </class>
        <class name="CST.BusinessLogic.Services.MailingService/&lt;GetMailingDescriptionAsync&gt;d__12" filename="CST.BusinessLogic\Services\MailingService.cs" line-rate="1" branch-rate="1" complexity="1">
          <methods>
            <method name="MoveNext" signature="()" line-rate="1" branch-rate="1" complexity="1">
              <lines>
                <line number="85" hits="1" branch="False" />
                <line number="86" hits="1" branch="False" />
                <line number="87" hits="1" branch="False" />
              </lines>
            </method>
          </methods>
          <lines>
            <line number="85" hits="1" branch="False" />
            <line number="86" hits="1" branch="False" />
            <line number="87" hits="1" branch="False" />
          </lines>
        </class>
        <class name="CST.BusinessLogic.Services.MailingService/&lt;GetMailingsReportByIdAsync&gt;d__8" filename="CST.BusinessLogic\Services\MailingService.cs" line-rate="1" branch-rate="1" complexity="1">
          <methods>
            <method name="MoveNext" signature="()" line-rate="1" branch-rate="1" complexity="1">
              <lines>
                <line number="39" hits="1" branch="False" />
                <line number="40" hits="1" branch="False" />
                <line number="41" hits="1" branch="False" />
              </lines>
            </method>
          </methods>
          <lines>
            <line number="39" hits="1" branch="False" />
            <line number="40" hits="1" branch="False" />
            <line number="41" hits="1" branch="False" />
          </lines>
        </class>
        <class name="CST.BusinessLogic.Services.MailingService/&lt;ProcessMessageAsync&gt;d__11" filename="CST.BusinessLogic\Services\MailingService.cs" line-rate="1" branch-rate="0.875" complexity="8">
          <methods>
            <method name="MoveNext" signature="()" line-rate="1" branch-rate="0.875" complexity="8">
              <lines>
                <line number="55" hits="2" branch="False" />
                <line number="56" hits="2" branch="False" />
                <line number="58" hits="2" branch="False" />
                <line number="60" hits="2" branch="True" condition-coverage="50% (1/2)">
                  <conditions>
                    <condition number="252" type="jump" coverage="50%" />
                  </conditions>
                </line>
                <line number="62" hits="2" branch="True" condition-coverage="100% (4/4)">
                  <conditions>
                    <condition number="327" type="jump" coverage="100%" />
                    <condition number="491" type="jump" coverage="100%" />
                  </conditions>
                </line>
                <line number="63" hits="2" branch="False" />
                <line number="64" hits="1" branch="False" />
                <line number="65" hits="1" branch="False" />
                <line number="66" hits="1" branch="False" />
                <line number="67" hits="1" branch="False" />
                <line number="69" hits="2" branch="False" />
                <line number="73" hits="2" branch="True" condition-coverage="100% (2/2)">
                  <conditions>
                    <condition number="810" type="jump" coverage="100%" />
                  </conditions>
                </line>
                <line number="74" hits="1" branch="False" />
                <line number="75" hits="1" branch="False" />
                <line number="76" hits="1" branch="False" />
                <line number="78" hits="1" branch="False" />
                <line number="79" hits="1" branch="False" />
                <line number="80" hits="1" branch="False" />
                <line number="81" hits="2" branch="False" />
                <line number="82" hits="2" branch="False" />
              </lines>
            </method>
          </methods>
          <lines>
            <line number="55" hits="2" branch="False" />
            <line number="56" hits="2" branch="False" />
            <line number="58" hits="2" branch="False" />
            <line number="60" hits="2" branch="True" condition-coverage="50% (1/2)">
              <conditions>
                <condition number="252" type="jump" coverage="50%" />
              </conditions>
            </line>
            <line number="62" hits="2" branch="True" condition-coverage="100% (4/4)">
              <conditions>
                <condition number="327" type="jump" coverage="100%" />
                <condition number="491" type="jump" coverage="100%" />
              </conditions>
            </line>
            <line number="63" hits="2" branch="False" />
            <line number="64" hits="1" branch="False" />
            <line number="65" hits="1" branch="False" />
            <line number="66" hits="1" branch="False" />
            <line number="67" hits="1" branch="False" />
            <line number="69" hits="2" branch="False" />
            <line number="73" hits="2" branch="True" condition-coverage="100% (2/2)">
              <conditions>
                <condition number="810" type="jump" coverage="100%" />
              </conditions>
            </line>
            <line number="74" hits="1" branch="False" />
            <line number="75" hits="1" branch="False" />
            <line number="76" hits="1" branch="False" />
            <line number="78" hits="1" branch="False" />
            <line number="79" hits="1" branch="False" />
            <line number="80" hits="1" branch="False" />
            <line number="81" hits="2" branch="False" />
            <line number="82" hits="2" branch="False" />
          </lines>
        </class>
        <class name="CST.BusinessLogic.Services.MailingService/&lt;RestoreMailingsAuthorsAsync&gt;d__13" filename="CST.BusinessLogic\Services\MailingService.cs" line-rate="1" branch-rate="1" complexity="1">
          <methods>
            <method name="MoveNext" signature="()" line-rate="1" branch-rate="1" complexity="1">
              <lines>
                <line number="90" hits="1" branch="False" />
                <line number="91" hits="1" branch="False" />
                <line number="92" hits="1" branch="False" />
              </lines>
            </method>
          </methods>
          <lines>
            <line number="90" hits="1" branch="False" />
            <line number="91" hits="1" branch="False" />
            <line number="92" hits="1" branch="False" />
          </lines>
        </class>
        <class name="CST.BusinessLogic.Services.MailingService/&lt;RestoreMailingsLocationsAsync&gt;d__14" filename="CST.BusinessLogic\Services\MailingService.cs" line-rate="0" branch-rate="1" complexity="1">
          <methods>
            <method name="MoveNext" signature="()" line-rate="0" branch-rate="1" complexity="1">
              <lines>
                <line number="95" hits="0" branch="False" />
                <line number="96" hits="0" branch="False" />
                <line number="97" hits="0" branch="False" />
              </lines>
            </method>
          </methods>
          <lines>
            <line number="95" hits="0" branch="False" />
            <line number="96" hits="0" branch="False" />
            <line number="97" hits="0" branch="False" />
          </lines>
        </class>
        <class name="CST.BusinessLogic.Services.MailingService/&lt;UpdateMailingApprovers&gt;d__16" filename="CST.BusinessLogic\Services\MailingService.cs" line-rate="1" branch-rate="1" complexity="1">
          <methods>
            <method name="MoveNext" signature="()" line-rate="1" branch-rate="1" complexity="1">
              <lines>
                <line number="130" hits="2" branch="False" />
                <line number="135" hits="2" branch="False" />
                <line number="137" hits="2" branch="False" />
                <line number="144" hits="2" branch="False" />
                <line number="146" hits="2" branch="False" />
                <line number="147" hits="2" branch="False" />
              </lines>
            </method>
          </methods>
          <lines>
            <line number="130" hits="2" branch="False" />
            <line number="135" hits="2" branch="False" />
            <line number="137" hits="2" branch="False" />
            <line number="144" hits="2" branch="False" />
            <line number="146" hits="2" branch="False" />
            <line number="147" hits="2" branch="False" />
          </lines>
        </class>
        <class name="CST.BusinessLogic.Services.NotificationChannelService" filename="CST.BusinessLogic\Services\NotificationChannelService.cs" line-rate="1" branch-rate="1" complexity="1">
          <methods>
            <method name=".ctor" signature="(CST.Common.Repositories.INotificationChannelRepository,AutoMapper.IMapper)" line-rate="1" branch-rate="1" complexity="1">
              <lines>
                <line number="16" hits="2" branch="False" />
                <line number="17" hits="2" branch="False" />
                <line number="18" hits="2" branch="False" />
                <line number="19" hits="2" branch="False" />
                <line number="20" hits="2" branch="False" />
              </lines>
            </method>
          </methods>
          <lines>
            <line number="16" hits="2" branch="False" />
            <line number="17" hits="2" branch="False" />
            <line number="18" hits="2" branch="False" />
            <line number="19" hits="2" branch="False" />
            <line number="20" hits="2" branch="False" />
          </lines>
        </class>
        <class name="CST.BusinessLogic.Services.NotificationChannelService/&lt;AddNotificationChannelAsync&gt;d__4" filename="CST.BusinessLogic\Services\NotificationChannelService.cs" line-rate="1" branch-rate="1" complexity="1">
          <methods>
            <method name="MoveNext" signature="()" line-rate="1" branch-rate="1" complexity="1">
              <lines>
                <line number="36" hits="1" branch="False" />
                <line number="37" hits="1" branch="False" />
                <line number="38" hits="1" branch="False" />
                <line number="39" hits="1" branch="False" />
              </lines>
            </method>
          </methods>
          <lines>
            <line number="36" hits="1" branch="False" />
            <line number="37" hits="1" branch="False" />
            <line number="38" hits="1" branch="False" />
            <line number="39" hits="1" branch="False" />
          </lines>
        </class>
        <class name="CST.BusinessLogic.Services.NotificationChannelService/&lt;ProcessMessageAsync&gt;d__3" filename="CST.BusinessLogic\Services\NotificationChannelService.cs" line-rate="1" branch-rate="1" complexity="2">
          <methods>
            <method name="MoveNext" signature="()" line-rate="1" branch-rate="1" complexity="2">
              <lines>
                <line number="23" hits="2" branch="False" />
                <line number="24" hits="2" branch="False" />
                <line number="25" hits="2" branch="True" condition-coverage="100% (2/2)">
                  <conditions>
                    <condition number="202" type="jump" coverage="100%" />
                  </conditions>
                </line>
                <line number="26" hits="1" branch="False" />
                <line number="27" hits="1" branch="False" />
                <line number="30" hits="1" branch="False" />
                <line number="31" hits="1" branch="False" />
                <line number="33" hits="2" branch="False" />
              </lines>
            </method>
          </methods>
          <lines>
            <line number="23" hits="2" branch="False" />
            <line number="24" hits="2" branch="False" />
            <line number="25" hits="2" branch="True" condition-coverage="100% (2/2)">
              <conditions>
                <condition number="202" type="jump" coverage="100%" />
              </conditions>
            </line>
            <line number="26" hits="1" branch="False" />
            <line number="27" hits="1" branch="False" />
            <line number="30" hits="1" branch="False" />
            <line number="31" hits="1" branch="False" />
            <line number="33" hits="2" branch="False" />
          </lines>
        </class>
        <class name="CST.BusinessLogic.Services.NotificationChannelService/&lt;UpdateNotificationChannelAsync&gt;d__5" filename="CST.BusinessLogic\Services\NotificationChannelService.cs" line-rate="1" branch-rate="1" complexity="1">
          <methods>
            <method name="MoveNext" signature="()" line-rate="1" branch-rate="1" complexity="1">
              <lines>
                <line number="42" hits="1" branch="False" />
                <line number="43" hits="1" branch="False" />
                <line number="44" hits="1" branch="False" />
                <line number="45" hits="1" branch="False" />
              </lines>
            </method>
          </methods>
          <lines>
            <line number="42" hits="1" branch="False" />
            <line number="43" hits="1" branch="False" />
            <line number="44" hits="1" branch="False" />
            <line number="45" hits="1" branch="False" />
          </lines>
        </class>
        <class name="CST.BusinessLogic.Services.ReportGeneratorService" filename="CST.BusinessLogic\Services\ReportGeneratorService.cs" line-rate="0.7656999999999999" branch-rate="0.5132" complexity="304">
          <methods>
            <method name="ExcelConverter" signature="(CST.Common.Models.DTO.Report.ReportData)" line-rate="0.8461" branch-rate="0.75" complexity="12">
              <lines>
                <line number="37" hits="1" branch="False" />
                <line number="38" hits="1" branch="False" />
                <line number="39" hits="1" branch="False" />
                <line number="40" hits="1" branch="False" />
                <line number="41" hits="1" branch="False" />
                <line number="42" hits="1" branch="False" />
                <line number="44" hits="17" branch="True" condition-coverage="100% (2/2)">
                  <conditions>
                    <condition number="247" type="jump" coverage="100%" />
                  </conditions>
                </line>
                <line number="45" hits="7" branch="False" />
                <line number="46" hits="7" branch="False" />
                <line number="47" hits="7" branch="False" />
                <line number="49" hits="7" branch="False" />
                <line number="50" hits="81" branch="True" condition-coverage="100% (2/2)">
                  <conditions>
                    <condition number="187" type="jump" coverage="100%" />
                  </conditions>
                </line>
                <line number="51" hits="30" branch="False" />
                <line number="52" hits="30" branch="True" condition-coverage="50% (2/4)">
                  <conditions>
                    <condition number="100" type="jump" coverage="50%" />
                    <condition number="119" type="jump" coverage="50%" />
                  </conditions>
                </line>
                <line number="53" hits="0" branch="False" />
                <line number="54" hits="0" branch="False" />
                <line number="55" hits="0" branch="False" />
                <line number="56" hits="30" branch="False" />
                <line number="57" hits="30" branch="False" />
                <line number="58" hits="30" branch="False" />
                <line number="59" hits="30" branch="False" />
                <line number="60" hits="30" branch="False" />
                <line number="62" hits="7" branch="True" condition-coverage="50% (1/2)">
                  <conditions>
                    <condition number="212" type="jump" coverage="50%" />
                  </conditions>
                </line>
                <line number="63" hits="0" branch="False" />
                <line number="64" hits="0" branch="False" />
                <line number="65" hits="0" branch="False" />
                <line number="66" hits="7" branch="False" />
                <line number="67" hits="7" branch="False" />
                <line number="69" hits="14" branch="True" condition-coverage="100% (2/2)">
                  <conditions>
                    <condition number="301" type="jump" coverage="100%" />
                  </conditions>
                </line>
                <line number="70" hits="6" branch="False" />
                <line number="71" hits="6" branch="False" />
                <line number="72" hits="6" branch="False" />
                <line number="74" hits="1" branch="False" />
                <line number="75" hits="1" branch="False" />
                <line number="76" hits="1" branch="False" />
                <line number="77" hits="1" branch="False" />
                <line number="78" hits="1" branch="False" />
                <line number="79" hits="1" branch="False" />
                <line number="80" hits="1" branch="False" />
              </lines>
            </method>
            <method name="CreateStyleSheet" signature="(NPOI.XSSF.UserModel.XSSFWorkbook)" line-rate="1" branch-rate="1" complexity="1">
              <lines>
                <line number="83" hits="1" branch="False" />
                <line number="84" hits="1" branch="False" />
                <line number="86" hits="1" branch="False" />
                <line number="87" hits="1" branch="False" />
                <line number="88" hits="1" branch="False" />
                <line number="89" hits="1" branch="False" />
                <line number="90" hits="1" branch="False" />
                <line number="91" hits="1" branch="False" />
                <line number="93" hits="1" branch="False" />
                <line number="94" hits="1" branch="False" />
              </lines>
            </method>
            <method name="CreateCellStyle" signature="(NPOI.XSSF.UserModel.XSSFWorkbook,System.Int32,System.Boolean,NPOI.SS.UserModel.HorizontalAlignment,System.Nullable`1&lt;System.Int16&gt;)" line-rate="1" branch-rate="1" complexity="2">
              <lines>
                <line number="97" hits="6" branch="False" />
                <line number="98" hits="6" branch="False" />
                <line number="99" hits="6" branch="False" />
                <line number="100" hits="6" branch="False" />
                <line number="101" hits="6" branch="False" />
                <line number="102" hits="6" branch="False" />
                <line number="103" hits="6" branch="False" />
                <line number="104" hits="6" branch="True" condition-coverage="100% (2/2)">
                  <conditions>
                    <condition number="58" type="jump" coverage="100%" />
                  </conditions>
                </line>
                <line number="105" hits="1" branch="False" />
                <line number="106" hits="1" branch="False" />
                <line number="107" hits="1" branch="False" />
                <line number="108" hits="1" branch="False" />
                <line number="109" hits="6" branch="False" />
                <line number="110" hits="6" branch="False" />
              </lines>
            </method>
            <method name="FillKeyNumberSetData" signature="(CST.Common.Models.DTO.Report.ReportData,CST.Common.Models.DTO.ReportResponse.ReportResponse)" line-rate="0.8695" branch-rate="0.5" complexity="14">
              <lines>
                <line number="113" hits="4" branch="False" />
                <line number="114" hits="4" branch="False" />
                <line number="116" hits="4" branch="False" />
                <line number="117" hits="4" branch="False" />
                <line number="118" hits="28" branch="True" condition-coverage="100% (2/2)">
                  <conditions>
                    <condition number="95" type="jump" coverage="100%" />
                  </conditions>
                </line>
                <line number="119" hits="8" branch="False" />
                <line number="120" hits="8" branch="False" />
                <line number="121" hits="8" branch="False" />
                <line number="123" hits="4" branch="False" />
                <line number="124" hits="4" branch="False" />
                <line number="125" hits="28" branch="True" condition-coverage="100% (2/2)">
                  <conditions>
                    <condition number="503" type="jump" coverage="100%" />
                  </conditions>
                </line>
                <line number="126" hits="8" branch="False" />
                <line number="127" hits="8" branch="True" condition-coverage="37.5% (3/8)">
                  <conditions>
                    <condition number="163" type="jump" coverage="100%" />
                    <condition number="177" type="jump" coverage="50%" />
                    <condition number="191" type="jump" coverage="0%" />
                    <condition number="205" type="jump" coverage="0%" />
                  </conditions>
                </line>
                <line number="128" hits="8" branch="False" />
                <line number="129" hits="4" branch="False" />
                <line number="130" hits="16" branch="False" />
                <line number="131" hits="0" branch="True" condition-coverage="0% (0/2)">
                  <conditions>
                    <condition number="362" type="jump" coverage="0%" />
                  </conditions>
                </line>
                <line number="132" hits="0" branch="False" />
                <line number="133" hits="0" branch="False" />
                <line number="134" hits="8" branch="False" />
                <line number="135" hits="8" branch="False" />
                <line number="136" hits="8" branch="False" />
                <line number="137" hits="4" branch="False" />
              </lines>
            </method>
            <method name="FillMailingsGroupedData" signature="(CST.Common.Models.DTO.Report.ReportData,CST.Common.Models.DTO.ReportResponse.ReportResponse)" line-rate="0" branch-rate="0" complexity="16">
              <lines>
                <line number="168" hits="0" branch="False" />
                <line number="169" hits="0" branch="False" />
                <line number="170" hits="0" branch="True" condition-coverage="0% (0/6)">
                  <conditions>
                    <condition number="32" type="jump" coverage="0%" />
                    <condition number="46" type="jump" coverage="0%" />
                    <condition number="53" type="jump" coverage="0%" />
                  </conditions>
                </line>
                <line number="171" hits="0" branch="False" />
                <line number="172" hits="0" branch="False" />
                <line number="173" hits="0" branch="False" />
                <line number="174" hits="0" branch="False" />
                <line number="175" hits="0" branch="False" />
                <line number="177" hits="0" branch="True" condition-coverage="0% (0/6)">
                  <conditions>
                    <condition number="106" type="jump" coverage="0%" />
                    <condition number="123" type="jump" coverage="0%" />
                    <condition number="130" type="jump" coverage="0%" />
                  </conditions>
                </line>
                <line number="178" hits="0" branch="False" />
                <line number="179" hits="0" branch="False" />
                <line number="180" hits="0" branch="False" />
                <line number="181" hits="0" branch="False" />
                <line number="182" hits="0" branch="False" />
                <line number="184" hits="0" branch="True" condition-coverage="0% (0/2)">
                  <conditions>
                    <condition number="507" type="jump" coverage="0%" />
                  </conditions>
                </line>
                <line number="185" hits="0" branch="False" />
                <line number="186" hits="0" branch="False" />
                <line number="187" hits="0" branch="False" />
                <line number="188" hits="0" branch="True" condition-coverage="0% (0/2)">
                  <conditions>
                    <condition number="481" type="jump" coverage="0%" />
                  </conditions>
                </line>
                <line number="189" hits="0" branch="False" />
                <line number="190" hits="0" branch="False" />
                <line number="191" hits="0" branch="False" />
                <line number="193" hits="0" branch="False" />
                <line number="194" hits="0" branch="False" />
                <line number="195" hits="0" branch="False" />
              </lines>
            </method>
            <method name="FillMailingsSortedData" signature="(CST.Common.Models.DTO.Report.ReportData,CST.Common.Models.DTO.ReportResponse.ReportResponse,System.Collections.Generic.List`1&lt;CST.Common.Models.DTO.MailingReportResponse&gt;)" line-rate="0.85" branch-rate="0.8332999999999999" complexity="6">
              <lines>
                <line number="198" hits="4" branch="False" />
                <line number="199" hits="4" branch="False" />
                <line number="201" hits="4" branch="False" />
                <line number="202" hits="4" branch="True" condition-coverage="50% (1/2)">
                  <conditions>
                    <condition number="26" type="jump" coverage="50%" />
                  </conditions>
                </line>
                <line number="203" hits="0" branch="False" />
                <line number="204" hits="0" branch="False" />
                <line number="205" hits="0" branch="False" />
                <line number="208" hits="4" branch="False" />
                <line number="209" hits="4" branch="False" />
                <line number="210" hits="4" branch="False" />
                <line number="211" hits="4" branch="False" />
                <line number="213" hits="36" branch="True" condition-coverage="100% (2/2)">
                  <conditions>
                    <condition number="160" type="jump" coverage="100%" />
                  </conditions>
                </line>
                <line number="214" hits="12" branch="False" />
                <line number="215" hits="12" branch="False" />
                <line number="216" hits="180" branch="True" condition-coverage="100% (2/2)">
                  <conditions>
                    <condition number="150" type="jump" coverage="100%" />
                  </conditions>
                </line>
                <line number="217" hits="72" branch="False" />
                <line number="218" hits="72" branch="False" />
                <line number="219" hits="72" branch="False" />
                <line number="220" hits="12" branch="False" />
                <line number="221" hits="4" branch="False" />
              </lines>
            </method>
            <method name="GetMailingValue" signature="(System.String,CST.Common.Models.DTO.MailingReportResponse)" line-rate="0.6111" branch-rate="0.39649999999999996" complexity="58">
              <lines>
                <line number="224" hits="72" branch="False" />
                <line number="225" hits="72" branch="True" condition-coverage="40.74% (22/54)">
                  <conditions>
                    <condition number="18" type="jump" coverage="100%" />
                    <condition number="26" type="jump" coverage="100%" />
                    <condition number="34" type="jump" coverage="50%" />
                    <condition number="47" type="jump" coverage="100%" />
                    <condition number="76" type="jump" coverage="50%" />
                    <condition number="89" type="jump" coverage="100%" />
                    <condition number="118" type="jump" coverage="100%" />
                    <condition number="126" type="jump" coverage="50%" />
                    <condition number="136" type="jump" coverage="0%" />
                    <condition number="159" type="jump" coverage="50%" />
                    <condition number="172" type="jump" coverage="0%" />
                    <condition number="102" type="jump" coverage="50%" />
                    <condition number="146" type="jump" coverage="0%" />
                    <condition number="185" type="jump" coverage="0%" />
                    <condition number="60" type="jump" coverage="50%" />
                    <condition number="206" type="jump" coverage="50%" />
                    <condition number="227" type="jump" coverage="0%" />
                    <condition number="248" type="jump" coverage="50%" />
                    <condition number="269" type="jump" coverage="0%" />
                    <condition number="290" type="jump" coverage="0%" />
                    <condition number="311" type="jump" coverage="50%" />
                    <condition number="332" type="jump" coverage="0%" />
                    <condition number="353" type="jump" coverage="50%" />
                    <condition number="374" type="jump" coverage="0%" />
                    <condition number="395" type="jump" coverage="50%" />
                    <condition number="416" type="jump" coverage="0%" />
                    <condition number="437" type="jump" coverage="50%" />
                  </conditions>
                </line>
                <line number="226" hits="72" branch="False" />
                <line number="227" hits="12" branch="False" />
                <line number="228" hits="0" branch="False" />
                <line number="229" hits="12" branch="False" />
                <line number="230" hits="0" branch="False" />
                <line number="231" hits="0" branch="False" />
                <line number="232" hits="12" branch="False" />
                <line number="233" hits="0" branch="False" />
                <line number="234" hits="12" branch="True" condition-coverage="50% (1/2)">
                  <conditions>
                    <condition number="576" type="jump" coverage="50%" />
                  </conditions>
                </line>
                <line number="235" hits="0" branch="False" />
                <line number="236" hits="12" branch="False" />
                <line number="237" hits="0" branch="True" condition-coverage="0% (0/2)">
                  <conditions>
                    <condition number="654" type="jump" coverage="0%" />
                  </conditions>
                </line>
                <line number="238" hits="12" branch="False" />
                <line number="239" hits="0" branch="False" />
                <line number="240" hits="72" branch="False" />
                <line number="241" hits="72" branch="False" />
              </lines>
            </method>
            <method name="ColumnTitle" signature="(System.String)" line-rate="0.6842" branch-rate="0.5" complexity="60">
              <lines>
                <line number="244" hits="32" branch="False" />
                <line number="245" hits="32" branch="True" condition-coverage="50% (30/60)">
                  <conditions>
                    <condition number="18" type="jump" coverage="100%" />
                    <condition number="26" type="jump" coverage="100%" />
                    <condition number="34" type="jump" coverage="50%" />
                    <condition number="47" type="jump" coverage="100%" />
                    <condition number="76" type="jump" coverage="100%" />
                    <condition number="89" type="jump" coverage="100%" />
                    <condition number="118" type="jump" coverage="100%" />
                    <condition number="126" type="jump" coverage="100%" />
                    <condition number="139" type="jump" coverage="50%" />
                    <condition number="165" type="jump" coverage="50%" />
                    <condition number="173" type="jump" coverage="50%" />
                    <condition number="202" type="jump" coverage="0%" />
                    <condition number="152" type="jump" coverage="50%" />
                    <condition number="102" type="jump" coverage="50%" />
                    <condition number="186" type="jump" coverage="50%" />
                    <condition number="212" type="jump" coverage="0%" />
                    <condition number="60" type="jump" coverage="50%" />
                    <condition number="233" type="jump" coverage="50%" />
                    <condition number="254" type="jump" coverage="50%" />
                    <condition number="275" type="jump" coverage="0%" />
                    <condition number="296" type="jump" coverage="50%" />
                    <condition number="317" type="jump" coverage="0%" />
                    <condition number="338" type="jump" coverage="0%" />
                    <condition number="359" type="jump" coverage="50%" />
                    <condition number="380" type="jump" coverage="0%" />
                    <condition number="401" type="jump" coverage="50%" />
                    <condition number="422" type="jump" coverage="50%" />
                    <condition number="440" type="jump" coverage="0%" />
                    <condition number="458" type="jump" coverage="50%" />
                    <condition number="473" type="jump" coverage="50%" />
                  </conditions>
                </line>
                <line number="246" hits="32" branch="False" />
                <line number="247" hits="4" branch="False" />
                <line number="248" hits="4" branch="False" />
                <line number="249" hits="0" branch="False" />
                <line number="250" hits="4" branch="False" />
                <line number="251" hits="0" branch="False" />
                <line number="252" hits="0" branch="False" />
                <line number="253" hits="4" branch="False" />
                <line number="254" hits="0" branch="False" />
                <line number="255" hits="4" branch="False" />
                <line number="256" hits="4" branch="False" />
                <line number="257" hits="0" branch="False" />
                <line number="258" hits="4" branch="False" />
                <line number="259" hits="4" branch="False" />
                <line number="260" hits="0" branch="False" />
                <line number="261" hits="32" branch="False" />
                <line number="262" hits="32" branch="False" />
              </lines>
            </method>
            <method name="GetDataCellStyleByColumn" signature="(System.String)" line-rate="0.9545" branch-rate="0.5757" complexity="66">
              <lines>
                <line number="265" hits="80" branch="False" />
                <line number="266" hits="80" branch="True" condition-coverage="57.57% (38/66)">
                  <conditions>
                    <condition number="18" type="jump" coverage="100%" />
                    <condition number="26" type="jump" coverage="100%" />
                    <condition number="34" type="jump" coverage="50%" />
                    <condition number="47" type="jump" coverage="50%" />
                    <condition number="76" type="jump" coverage="100%" />
                    <condition number="84" type="jump" coverage="100%" />
                    <condition number="113" type="jump" coverage="100%" />
                    <condition number="142" type="jump" coverage="100%" />
                    <condition number="150" type="jump" coverage="100%" />
                    <condition number="160" type="jump" coverage="50%" />
                    <condition number="186" type="jump" coverage="50%" />
                    <condition number="194" type="jump" coverage="50%" />
                    <condition number="223" type="jump" coverage="0%" />
                    <condition number="126" type="jump" coverage="50%" />
                    <condition number="170" type="jump" coverage="50%" />
                    <condition number="97" type="jump" coverage="50%" />
                    <condition number="207" type="jump" coverage="50%" />
                    <condition number="236" type="jump" coverage="0%" />
                    <condition number="60" type="jump" coverage="50%" />
                    <condition number="257" type="jump" coverage="50%" />
[...]
              <conditions>
                <condition number="42" type="jump" coverage="100%" />
              </conditions>
            </line>
            <line number="38" hits="2" branch="False" />
            <line number="39" hits="2" branch="False" />
            <line number="40" hits="2" branch="False" />
            <line number="41" hits="2" branch="False" />
            <line number="44" hits="4" branch="True" condition-coverage="100% (2/2)">
              <conditions>
                <condition number="112" type="jump" coverage="100%" />
              </conditions>
            </line>
            <line number="45" hits="1" branch="False" />
            <line number="46" hits="1" branch="False" />
            <line number="47" hits="1" branch="False" />
            <line number="48" hits="1" branch="False" />
            <line number="51" hits="3" branch="False" />
            <line number="52" hits="3" branch="True" condition-coverage="100% (2/2)">
              <conditions>
                <condition number="238" type="jump" coverage="100%" />
              </conditions>
            </line>
            <line number="53" hits="1" branch="False" />
            <line number="54" hits="1" branch="False" />
            <line number="55" hits="1" branch="False" />
            <line number="58" hits="2" branch="False" />
            <line number="59" hits="2" branch="False" />
            <line number="60" hits="2" branch="False" />
            <line number="62" hits="2" branch="True" condition-coverage="100% (2/2)">
              <conditions>
                <condition number="512" type="jump" coverage="100%" />
              </conditions>
            </line>
            <line number="63" hits="1" branch="False" />
            <line number="64" hits="1" branch="False" />
            <line number="67" hits="1" branch="False" />
            <line number="68" hits="2" branch="False" />
          </lines>
        </class>
        <class name="CST.BusinessLogic.Factories.EmailFactory" filename="CST.BusinessLogic\Factories\EmailFactory.cs" line-rate="1" branch-rate="1" complexity="2">
          <methods>
            <method name="Create" signature="(System.Guid,System.String,System.String,System.String)" line-rate="1" branch-rate="1" complexity="1">
              <lines>
                <line number="9" hits="2" branch="False" />
                <line number="10" hits="2" branch="False" />
                <line number="11" hits="2" branch="False" />
                <line number="12" hits="2" branch="False" />
                <line number="13" hits="2" branch="False" />
                <line number="14" hits="2" branch="False" />
                <line number="15" hits="2" branch="False" />
              </lines>
            </method>
            <method name="Create" signature="(System.String,System.String,System.String)" line-rate="1" branch-rate="1" complexity="1">
              <lines>
                <line number="18" hits="1" branch="False" />
              </lines>
            </method>
          </methods>
          <lines>
            <line number="9" hits="2" branch="False" />
            <line number="10" hits="2" branch="False" />
            <line number="11" hits="2" branch="False" />
            <line number="12" hits="2" branch="False" />
            <line number="13" hits="2" branch="False" />
            <line number="14" hits="2" branch="False" />
            <line number="15" hits="2" branch="False" />
            <line number="18" hits="1" branch="False" />
          </lines>
        </class>
        <class name="CST.BusinessLogic.Configuration.AutoMapperExtensions" filename="CST.BusinessLogic\Configuration\AutoMapperExtensions.cs" line-rate="1" branch-rate="1" complexity="6">
          <methods>
            <method name="IgnoreAllNonExisting" signature="(AutoMapper.IMappingExpression`2&lt;TSource,TDestination&gt;)" line-rate="1" branch-rate="1" complexity="6">
              <lines>
                <line number="10" hits="138" branch="False" />
                <line number="11" hits="138" branch="False" />
                <line number="12" hits="138" branch="False" />
                <line number="13" hits="138" branch="False" />
                <line number="15" hits="2912" branch="True" condition-coverage="100% (2/2)">
                  <conditions>
                    <condition number="132" type="jump" coverage="100%" />
                  </conditions>
                </line>
                <line number="16" hits="1249" branch="False" />
                <line number="17" hits="1249" branch="True" condition-coverage="100% (2/2)">
                  <conditions>
                    <condition number="71" type="jump" coverage="100%" />
                  </conditions>
                </line>
                <line number="18" hits="542" branch="False" />
                <line number="19" hits="1084" branch="True" condition-coverage="100% (2/2)">
                  <conditions>
                    <condition number="88" type="jump" coverage="100%" />
                  </conditions>
                </line>
                <line number="20" hits="542" branch="False" />
                <line number="21" hits="1249" branch="False" />
                <line number="22" hits="138" branch="False" />
                <line number="23" hits="138" branch="False" />
              </lines>
            </method>
          </methods>
          <lines>
            <line number="10" hits="138" branch="False" />
            <line number="11" hits="138" branch="False" />
            <line number="12" hits="138" branch="False" />
            <line number="13" hits="138" branch="False" />
            <line number="15" hits="2912" branch="True" condition-coverage="100% (2/2)">
              <conditions>
                <condition number="132" type="jump" coverage="100%" />
              </conditions>
            </line>
            <line number="16" hits="1249" branch="False" />
            <line number="17" hits="1249" branch="True" condition-coverage="100% (2/2)">
              <conditions>
                <condition number="71" type="jump" coverage="100%" />
              </conditions>
            </line>
            <line number="18" hits="542" branch="False" />
            <line number="19" hits="1084" branch="True" condition-coverage="100% (2/2)">
              <conditions>
                <condition number="88" type="jump" coverage="100%" />
              </conditions>
            </line>
            <line number="20" hits="542" branch="False" />
            <line number="21" hits="1249" branch="False" />
            <line number="22" hits="138" branch="False" />
            <line number="23" hits="138" branch="False" />
          </lines>
        </class>
      </classes>
    </package>
    <package name="CST.Tests.Common" line-rate="0.2857" branch-rate="1" complexity="15">
      <classes>
        <class name="CST.Tests.Common.AutoMockerRepositoryTestBase" filename="CST.Tests.Common\AutoMockerRepositoryTestBase.cs" line-rate="0" branch-rate="1" complexity="1">
          <methods>
            <method name=".ctor" signature="()" line-rate="0" branch-rate="1" complexity="1">
              <lines>
                <line number="12" hits="0" branch="False" />
                <line number="13" hits="0" branch="False" />
                <line number="14" hits="0" branch="False" />
                <line number="15" hits="0" branch="False" />
                <line number="16" hits="0" branch="False" />
              </lines>
            </method>
          </methods>
          <lines>
            <line number="12" hits="0" branch="False" />
            <line number="13" hits="0" branch="False" />
            <line number="14" hits="0" branch="False" />
            <line number="15" hits="0" branch="False" />
            <line number="16" hits="0" branch="False" />
          </lines>
        </class>
        <class name="CST.Tests.Common.AutoMockerRepositoryTestBase/&lt;Dispose&gt;d__3" filename="CST.Tests.Common\AutoMockerRepositoryTestBase.cs" line-rate="0" branch-rate="1" complexity="1">
          <methods>
            <method name="MoveNext" signature="()" line-rate="0" branch-rate="1" complexity="1">
              <lines>
                <line number="19" hits="0" branch="False" />
                <line number="20" hits="0" branch="False" />
                <line number="21" hits="0" branch="False" />
              </lines>
            </method>
          </methods>
          <lines>
            <line number="19" hits="0" branch="False" />
            <line number="20" hits="0" branch="False" />
            <line number="21" hits="0" branch="False" />
          </lines>
        </class>
        <class name="CST.Tests.Common.AutoMockerTestsBase`1" filename="CST.Tests.Common\AutoMockerTestsBase.cs" line-rate="1" branch-rate="1" complexity="2">
          <methods>
            <method name="get_Target" signature="()" line-rate="1" branch-rate="1" complexity="2">
              <lines>
                <line number="7" hits="68" branch="True" condition-coverage="100% (2/2)">
                  <conditions>
                    <condition number="12" type="jump" coverage="100%" />
                  </conditions>
                </line>
              </lines>
            </method>
          </methods>
          <lines>
            <line number="7" hits="68" branch="True" condition-coverage="100% (2/2)">
              <conditions>
                <condition number="12" type="jump" coverage="100%" />
              </conditions>
            </line>
          </lines>
        </class>
        <class name="CST.Tests.Common.AutoMockerUnitTestBase" filename="CST.Tests.Common\AutoMockerUnitTestBase.cs" line-rate="1" branch-rate="1" complexity="6">
          <methods>
            <method name="get_Fixture" signature="()" line-rate="1" branch-rate="1" complexity="1">
              <lines>
                <line number="13" hits="125" branch="False" />
              </lines>
            </method>
            <method name="GetMock" signature="()" line-rate="1" branch-rate="1" complexity="1">
              <lines>
                <line number="21" hits="234" branch="False" />
              </lines>
            </method>
            <method name="GetService" signature="()" line-rate="1" branch-rate="1" complexity="1">
              <lines>
                <line number="24" hits="13" branch="False" />
              </lines>
            </method>
            <method name="Use" signature="(T)" line-rate="1" branch-rate="1" complexity="1">
              <lines>
                <line number="27" hits="60" branch="False" />
                <line number="28" hits="60" branch="False" />
                <line number="29" hits="60" branch="False" />
              </lines>
            </method>
            <method name="UseMapperWithProfiles" signature="(AutoMapper.Profile[])" line-rate="1" branch-rate="1" complexity="1">
              <lines>
                <line number="32" hits="47" branch="False" />
                <line number="33" hits="47" branch="False" />
                <line number="34" hits="47" branch="False" />
                <line number="35" hits="47" branch="False" />
                <line number="36" hits="94" branch="False" />
                <line number="38" hits="47" branch="False" />
                <line number="40" hits="47" branch="False" />
                <line number="41" hits="47" branch="False" />
              </lines>
            </method>
            <method name=".ctor" signature="()" line-rate="1" branch-rate="1" complexity="1">
              <lines>
                <line number="11" hits="70" branch="False" />
                <line number="15" hits="70" branch="False" />
                <line number="16" hits="70" branch="False" />
                <line number="17" hits="70" branch="False" />
                <line number="18" hits="70" branch="False" />
              </lines>
            </method>
          </methods>
          <lines>
            <line number="13" hits="125" branch="False" />
            <line number="21" hits="234" branch="False" />
            <line number="24" hits="13" branch="False" />
            <line number="27" hits="60" branch="False" />
            <line number="28" hits="60" branch="False" />
            <line number="29" hits="60" branch="False" />
            <line number="32" hits="47" branch="False" />
            <line number="33" hits="47" branch="False" />
            <line number="34" hits="47" branch="False" />
            <line number="35" hits="47" branch="False" />
            <line number="36" hits="94" branch="False" />
            <line number="38" hits="47" branch="False" />
            <line number="40" hits="47" branch="False" />
            <line number="41" hits="47" branch="False" />
            <line number="11" hits="70" branch="False" />
            <line number="15" hits="70" branch="False" />
            <line number="16" hits="70" branch="False" />
            <line number="17" hits="70" branch="False" />
            <line number="18" hits="70" branch="False" />
          </lines>
        </class>
        <class name="CST.Tests.Common.ContextFactoryProvider" filename="CST.Tests.Common\Common\ContextFactoryProvider.cs" line-rate="0" branch-rate="1" complexity="1">
          <methods>
            <method name="GetFactory" signature="()" line-rate="0" branch-rate="1" complexity="1">
              <lines>
                <line number="12" hits="0" branch="False" />
                <line number="13" hits="0" branch="False" />
                <line number="14" hits="0" branch="False" />
                <line number="15" hits="0" branch="False" />
                <line number="17" hits="0" branch="False" />
                <line number="18" hits="0" branch="False" />
                <line number="19" hits="0" branch="False" />
                <line number="20" hits="0" branch="False" />
              </lines>
            </method>
          </methods>
          <lines>
            <line number="12" hits="0" branch="False" />
            <line number="13" hits="0" branch="False" />
            <line number="14" hits="0" branch="False" />
            <line number="15" hits="0" branch="False" />
            <line number="17" hits="0" branch="False" />
            <line number="18" hits="0" branch="False" />
            <line number="19" hits="0" branch="False" />
            <line number="20" hits="0" branch="False" />
          </lines>
        </class>
        <class name="CST.Tests.Common.InMemoryDbContext" filename="CST.Tests.Common\Common\InMemoryDbContext.cs" line-rate="0" branch-rate="1" complexity="1">
          <methods>
            <method name="GetPostgresDbContext" signature="()" line-rate="0" branch-rate="1" complexity="1">
              <lines>
                <line number="48" hits="0" branch="False" />
                <line number="49" hits="0" branch="False" />
                <line number="50" hits="0" branch="False" />
                <line number="51" hits="0" branch="False" />
                <line number="52" hits="0" branch="False" />
                <line number="54" hits="0" branch="False" />
                <line number="55" hits="0" branch="False" />
              </lines>
            </method>
          </methods>
          <lines>
            <line number="48" hits="0" branch="False" />
            <line number="49" hits="0" branch="False" />
            <line number="50" hits="0" branch="False" />
            <line number="51" hits="0" branch="False" />
            <line number="52" hits="0" branch="False" />
            <line number="54" hits="0" branch="False" />
            <line number="55" hits="0" branch="False" />
          </lines>
        </class>
        <class name="CST.Tests.Common.InMemoryDbContext/CstTestContext" filename="CST.Tests.Common\Common\InMemoryDbContext.cs" line-rate="0" branch-rate="1" complexity="3">
          <methods>
            <method name="OnModelCreating" signature="(Microsoft.EntityFrameworkCore.ModelBuilder)" line-rate="0" branch-rate="1" complexity="1">
              <lines>
                <line number="22" hits="0" branch="False" />
                <line number="23" hits="0" branch="False" />
                <line number="25" hits="0" branch="False" />
                <line number="26" hits="0" branch="False" />
                <line number="27" hits="0" branch="False" />
                <line number="28" hits="0" branch="False" />
                <line number="29" hits="0" branch="False" />
                <line number="30" hits="0" branch="False" />
                <line number="32" hits="0" branch="False" />
                <line number="33" hits="0" branch="False" />
                <line number="34" hits="0" branch="False" />
                <line number="35" hits="0" branch="False" />
                <line number="36" hits="0" branch="False" />
                <line number="37" hits="0" branch="False" />
                <line number="38" hits="0" branch="False" />
                <line number="39" hits="0" branch="False" />
                <line number="40" hits="0" branch="False" />
                <line number="41" hits="0" branch="False" />
                <line number="43" hits="0" branch="False" />
                <line number="44" hits="0" branch="False" />
                <line number="45" hits="0" branch="False" />
              </lines>
            </method>
            <method name=".ctor" signature="()" line-rate="0" branch-rate="1" complexity="1">
              <lines>
                <line number="13" hits="0" branch="False" />
                <line number="14" hits="0" branch="False" />
                <line number="15" hits="0" branch="False" />
              </lines>
            </method>
            <method name=".ctor" signature="(Microsoft.EntityFrameworkCore.DbContextOptions`1&lt;CST.Dal.CstContext&gt;)" line-rate="0" branch-rate="1" complexity="1">
              <lines>
                <line number="17" hits="0" branch="False" />
                <line number="18" hits="0" branch="False" />
                <line number="19" hits="0" branch="False" />
              </lines>
            </method>
          </methods>
          <lines>
            <line number="22" hits="0" branch="False" />
            <line number="23" hits="0" branch="False" />
            <line number="25" hits="0" branch="False" />
            <line number="26" hits="0" branch="False" />
            <line number="27" hits="0" branch="False" />
            <line number="28" hits="0" branch="False" />
            <line number="29" hits="0" branch="False" />
            <line number="30" hits="0" branch="False" />
            <line number="32" hits="0" branch="False" />
            <line number="33" hits="0" branch="False" />
            <line number="34" hits="0" branch="False" />
            <line number="35" hits="0" branch="False" />
            <line number="36" hits="0" branch="False" />
            <line number="37" hits="0" branch="False" />
            <line number="38" hits="0" branch="False" />
            <line number="39" hits="0" branch="False" />
            <line number="40" hits="0" branch="False" />
            <line number="41" hits="0" branch="False" />
            <line number="43" hits="0" branch="False" />
            <line number="44" hits="0" branch="False" />
            <line number="45" hits="0" branch="False" />
            <line number="13" hits="0" branch="False" />
            <line number="14" hits="0" branch="False" />
            <line number="15" hits="0" branch="False" />
            <line number="17" hits="0" branch="False" />
            <line number="18" hits="0" branch="False" />
            <line number="19" hits="0" branch="False" />
          </lines>
        </class>
      </classes>
    </package>
  </packages>
</coverage>